Flow report for FinalProject_Trivia
Thu Nov 10 08:28:38 2022
Quartus Prime Version 18.1.0 Build 625 09/12/2018 SJ Lite Edition


---------------------
; Table of Contents ;
---------------------
  1. Legal Notice
  2. Flow Summary
  3. Flow Settings
  4. Flow Non-Default Global Settings
  5. Flow Elapsed Time
  6. Flow OS Summary
  7. Flow Log
  8. Flow Messages
  9. Flow Suppressed Messages



----------------
; Legal Notice ;
----------------
Copyright (C) 2018  Intel Corporation. All rights reserved.
Your use of Intel Corporation's design tools, logic functions 
and other software and tools, and its AMPP partner logic 
functions, and any output files from any of the foregoing 
(including device programming or simulation files), and any 
associated documentation or information are expressly subject 
to the terms and conditions of the Intel Program License 
Subscription Agreement, the Intel Quartus Prime License Agreement,
the Intel FPGA IP License Agreement, or other applicable license
agreement, including, without limitation, that your use is for
the sole purpose of programming logic devices manufactured by
Intel and sold by Intel or its authorized distributors.  Please
refer to the applicable agreement for further details.



+----------------------------------------------------------------------------------+
; Flow Summary                                                                     ;
+------------------------------------+---------------------------------------------+
; Flow Status                        ; Successful - Thu Nov 10 08:28:38 2022       ;
; Quartus Prime Version              ; 18.1.0 Build 625 09/12/2018 SJ Lite Edition ;
; Revision Name                      ; FinalProject_Trivia                         ;
; Top-level Entity Name              ; FinalProject_Trivia_DE10                    ;
; Family                             ; MAX 10                                      ;
; Device                             ; 10M50DAF484C7G                              ;
; Timing Models                      ; Final                                       ;
; Total logic elements               ; 3,703 / 49,760 ( 7 % )                      ;
;     Total combinational functions  ; 3,197 / 49,760 ( 6 % )                      ;
;     Dedicated logic registers      ; 2,311 / 49,760 ( 5 % )                      ;
; Total registers                    ; 2380                                        ;
; Total pins                         ; 79 / 360 ( 22 % )                           ;
; Total virtual pins                 ; 0                                           ;
; Total memory bits                  ; 878,464 / 1,677,312 ( 52 % )                ;
; Embedded Multiplier 9-bit elements ; 0 / 288 ( 0 % )                             ;
; Total PLLs                         ; 1 / 4 ( 25 % )                              ;
; UFM blocks                         ; 0 / 1 ( 0 % )                               ;
; ADC blocks                         ; 0 / 2 ( 0 % )                               ;
+------------------------------------+---------------------------------------------+


+-----------------------------------------+
; Flow Settings                           ;
+-------------------+---------------------+
; Option            ; Setting             ;
+-------------------+---------------------+
; Start date & time ; 11/10/2022 08:26:48 ;
; Main task         ; Compilation         ;
; Revision Name     ; FinalProject_Trivia ;
+-------------------+---------------------+


+--------------------------------------------------------------------------------------------------------------------------------------------------------------------------------------------+
; Flow Non-Default Global Settings                                                                                                                                                           ;
+--------------------------------------+-----------------------------------------------------------------------+---------------------+--------------------------+----------------------------+
; Assignment Name                      ; Value                                                                 ; Default Value       ; Entity Name              ; Section Id                 ;
+--------------------------------------+-----------------------------------------------------------------------+---------------------+--------------------------+----------------------------+
; COMPILER_SIGNATURE_ID                ; 79612765830051.166809040705248                                        ; --                  ; --                       ; --                         ;
; EDA_DESIGN_INSTANCE_NAME             ; NA                                                                    ; --                  ; --                       ; FinalProject_Trivia_FSM_tb ;
; EDA_NATIVELINK_SIMULATION_TEST_BENCH ; FinalProject_Trivia_FSM_tb                                            ; --                  ; --                       ; eda_simulation             ;
; EDA_OUTPUT_DATA_FORMAT               ; Vhdl                                                                  ; --                  ; --                       ; eda_simulation             ;
; EDA_SIMULATION_TOOL                  ; ModelSim-Altera (VHDL)                                                ; <None>              ; --                       ; --                         ;
; EDA_TEST_BENCH_ENABLE_STATUS         ; TEST_BENCH_MODE                                                       ; --                  ; --                       ; eda_simulation             ;
; EDA_TEST_BENCH_FILE                  ; FinalProject_Trivia_FSM_tb.vhd                                        ; --                  ; --                       ; FinalProject_Trivia_FSM_tb ;
; EDA_TEST_BENCH_MODULE_NAME           ; FinalProject_Trivia_FSM_tb                                            ; --                  ; --                       ; FinalProject_Trivia_FSM_tb ;
; EDA_TEST_BENCH_NAME                  ; FinalProject_Trivia_FSM_tb                                            ; --                  ; --                       ; eda_simulation             ;
; EDA_TEST_BENCH_RUN_SIM_FOR           ; 0 ns                                                                  ; --                  ; --                       ; FinalProject_Trivia_FSM_tb ;
; EDA_TIME_SCALE                       ; 1 ps                                                                  ; --                  ; --                       ; eda_simulation             ;
; MAX_CORE_JUNCTION_TEMP               ; 85                                                                    ; --                  ; --                       ; --                         ;
; MIN_CORE_JUNCTION_TEMP               ; 0                                                                     ; --                  ; --                       ; --                         ;
; MISC_FILE                            ; synthesis/../finalproject_trivia.cmp                                  ; --                  ; --                       ; --                         ;
; MISC_FILE                            ; synthesis/../finalproject_trivia.qsys                                 ; --                  ; --                       ; --                         ;
; OUTPUT_IO_TIMING_FAR_END_VMEAS       ; Half Signal Swing                                                     ; --                  ; --                       ; --                         ;
; OUTPUT_IO_TIMING_FAR_END_VMEAS       ; Half Signal Swing                                                     ; --                  ; --                       ; --                         ;
; OUTPUT_IO_TIMING_NEAR_END_VMEAS      ; Half Vccio                                                            ; --                  ; --                       ; --                         ;
; OUTPUT_IO_TIMING_NEAR_END_VMEAS      ; Half Vccio                                                            ; --                  ; --                       ; --                         ;
; PARTITION_COLOR                      ; -- (Not supported for targeted family)                                ; --                  ; FinalProject_Trivia_DE10 ; Top                        ;
; PARTITION_FITTER_PRESERVATION_LEVEL  ; -- (Not supported for targeted family)                                ; --                  ; FinalProject_Trivia_DE10 ; Top                        ;
; PARTITION_NETLIST_TYPE               ; -- (Not supported for targeted family)                                ; --                  ; FinalProject_Trivia_DE10 ; Top                        ;
; POWER_BOARD_THERMAL_MODEL            ; None (CONSERVATIVE)                                                   ; --                  ; --                       ; --                         ;
; POWER_PRESET_COOLING_SOLUTION        ; 23 MM HEAT SINK WITH 200 LFPM AIRFLOW                                 ; --                  ; --                       ; --                         ;
; PROJECT_OUTPUT_DIRECTORY             ; output_files                                                          ; --                  ; --                       ; --                         ;
; SLD_FILE                             ; synthesis/finalproject_trivia.regmap                                  ; --                  ; --                       ; --                         ;
; SLD_FILE                             ; synthesis/finalproject_trivia.debuginfo                               ; --                  ; --                       ; --                         ;
; SLD_INFO                             ; QSYS_NAME finalproject_trivia HAS_SOPCINFO 1 GENERATION_ID 1667859113 ; --                  ; finalproject_trivia      ; --                         ;
; SOPCINFO_FILE                        ; synthesis/../finalproject_trivia.sopcinfo                             ; --                  ; --                       ; --                         ;
; SYNTHESIS_ONLY_QIP                   ; On                                                                    ; --                  ; --                       ; --                         ;
; TOP_LEVEL_ENTITY                     ; FinalProject_Trivia_DE10                                              ; FinalProject_Trivia ; --                       ; --                         ;
; VHDL_INPUT_VERSION                   ; VHDL_2008                                                             ; VHDL_1993           ; --                       ; --                         ;
; VHDL_SHOW_LMF_MAPPING_MESSAGES       ; Off                                                                   ; --                  ; --                       ; --                         ;
+--------------------------------------+-----------------------------------------------------------------------+---------------------+--------------------------+----------------------------+


+--------------------------------------------------------------------------------------------------------------------------+
; Flow Elapsed Time                                                                                                        ;
+----------------------+--------------+-------------------------+---------------------+------------------------------------+
; Module Name          ; Elapsed Time ; Average Processors Used ; Peak Virtual Memory ; Total CPU Time (on all processors) ;
+----------------------+--------------+-------------------------+---------------------+------------------------------------+
; Analysis & Synthesis ; 00:00:54     ; 1.0                     ; 4978 MB             ; 00:01:10                           ;
; Fitter               ; 00:00:29     ; 1.4                     ; 5717 MB             ; 00:00:48                           ;
; Assembler            ; 00:00:05     ; 1.0                     ; 4706 MB             ; 00:00:04                           ;
; Timing Analyzer      ; 00:00:08     ; 1.9                     ; 4888 MB             ; 00:00:12                           ;
; EDA Netlist Writer   ; 00:00:03     ; 1.0                     ; 4731 MB             ; 00:00:03                           ;
; Total                ; 00:01:39     ; --                      ; --                  ; 00:02:17                           ;
+----------------------+--------------+-------------------------+---------------------+------------------------------------+


+------------------------------------------------------------------------------------+
; Flow OS Summary                                                                    ;
+----------------------+------------------+------------+------------+----------------+
; Module Name          ; Machine Hostname ; OS Name    ; OS Version ; Processor type ;
+----------------------+------------------+------------+------------+----------------+
; Analysis & Synthesis ; MSOE-PF3V074Q    ; Windows 10 ; 10.0       ; x86_64         ;
; Fitter               ; MSOE-PF3V074Q    ; Windows 10 ; 10.0       ; x86_64         ;
; Assembler            ; MSOE-PF3V074Q    ; Windows 10 ; 10.0       ; x86_64         ;
; Timing Analyzer      ; MSOE-PF3V074Q    ; Windows 10 ; 10.0       ; x86_64         ;
; EDA Netlist Writer   ; MSOE-PF3V074Q    ; Windows 10 ; 10.0       ; x86_64         ;
+----------------------+------------------+------------+------------+----------------+


------------
; Flow Log ;
------------
quartus_map --read_settings_files=on --write_settings_files=off FinalProject_Trivia -c FinalProject_Trivia
quartus_fit --read_settings_files=off --write_settings_files=off FinalProject_Trivia -c FinalProject_Trivia
quartus_asm --read_settings_files=off --write_settings_files=off FinalProject_Trivia -c FinalProject_Trivia
quartus_sta FinalProject_Trivia -c FinalProject_Trivia
quartus_eda --read_settings_files=off --write_settings_files=off FinalProject_Trivia -c FinalProject_Trivia



